<?xml version="1.0" encoding="UTF-8"?>
<!-- Generated by org.testng.reporters.JUnitXMLReporter -->
<testsuite ignored="0" hostname="DESKTOP-U6CHUTS" failures="0" tests="4" name="Test" time="6.296" errors="0" timestamp="2024-02-22T18:42:06 IST">
  <testcase classname="api.testcases.UserTest" name="testCreateUser" time="2.306"/>
  <testcase classname="api.testcases.UserTest" name="testGetUser" time="1.171"/>
  <testcase classname="api.testcases.UserTest" name="testUpdateUser" time="1.138"/>
  <testcase classname="api.testcases.UserTest" name="testDeleteUser" time="1.139"/>
</testsuite> <!-- Test -->
