<?xml version="1.0" encoding="UTF-8"?>
<!-- Generated by org.testng.reporters.JUnitXMLReporter -->
<testsuite ignored="0" hostname="DESKTOP-U6CHUTS" failures="0" tests="4" name="Test" time="6.134" errors="0" timestamp="2024-02-22T18:35:51 IST">
  <testcase classname="api.testcases.UserTest" name="testCreateUser" time="2.216"/>
  <testcase classname="api.testcases.UserTest" name="testGetUser" time="1.156"/>
  <testcase classname="api.testcases.UserTest" name="testUpdateUser" time="1.157"/>
  <testcase classname="api.testcases.UserTest" name="testDeleteUser" time="1.139"/>
</testsuite> <!-- Test -->
